<?xml version="1.0" encoding="UTF-8"?>
<testng-results ignored="0" total="1" passed="1" failed="0" skipped="0">
  <reporter-output>
  </reporter-output>
  <suite started-at="2026-04-21T15:10:38 IST" name="Default suite" finished-at="2026-04-21T15:10:57 IST" duration-ms="19389">
    <groups>
      <group name="cucumber">
        <method signature="AbstractTestNGCucumberTests.runScenario(io.cucumber.testng.PickleWrapper,io.cucumber.testng.FeatureWrapper)[pri:0, instance:runner.TestRunner@1e800aaa]" name="runScenario" class="io.cucumber.testng.AbstractTestNGCucumberTests"/>
      </group> <!-- cucumber -->
    </groups>
    <test started-at="2026-04-21T15:10:38 IST" name="Default test" finished-at="2026-04-21T15:10:57 IST" duration-ms="19389">
      <class name="runner.TestRunner">
        <test-method is-config="true" signature="setUpClass(org.testng.ITestContext)[pri:0, instance:runner.TestRunner@1e800aaa]" started-at="2026-04-21T15:10:38 IST" name="setUpClass" finished-at="2026-04-21T15:10:39 IST" duration-ms="554" status="PASS">
          <params>
            <param index="0">
              <value>
                <![CDATA[org.testng.TestRunner@58d63b16]]>
              </value>
            </param>
          </params>
          <reporter-output>
          </reporter-output>
        </test-method> <!-- setUpClass -->
        <test-method signature="runScenario(io.cucumber.testng.PickleWrapper,io.cucumber.testng.FeatureWrapper)[pri:0, instance:runner.TestRunner@1e800aaa]" started-at="2026-04-21T15:10:39 IST" name="runScenario" description="Runs Cucumber Scenarios" data-provider="scenarios" finished-at="2026-04-21T15:10:57 IST" duration-ms="18723" status="PASS">
          <params>
            <param index="0">
              <value>
                <![CDATA["Launch Application"]]>
              </value>
            </param>
            <param index="1">
              <value>
                <![CDATA["PetStore User Actions"]]>
              </value>
            </param>
          </params>
          <reporter-output>
          </reporter-output>
        </test-method> <!-- runScenario -->
        <test-method is-config="true" signature="tearDownClass()[pri:0, instance:runner.TestRunner@1e800aaa]" started-at="2026-04-21T15:10:57 IST" name="tearDownClass" finished-at="2026-04-21T15:10:57 IST" duration-ms="68" status="PASS">
          <reporter-output>
          </reporter-output>
        </test-method> <!-- tearDownClass -->
      </class> <!-- runner.TestRunner -->
    </test> <!-- Default test -->
  </suite> <!-- Default suite -->
</testng-results>
